<?xml version="1.0" encoding="UTF-8"?>
<!-- Generated by org.testng.reporters.JUnitReportReporter -->
<testsuite hostname="LAPTOP-4TKVB702" failures="0" tests="1" name="LoginTestCases.BothIncorrect" time="10.284" errors="0" timestamp="2022-06-11T17:30:30 IST" skipped="0">
  <testcase classname="LoginTestCases.BothIncorrect" name="loginWithInCorrectUsernameandPassword" time="10.284"/>
  <system-out/>
</testsuite> <!-- LoginTestCases.BothIncorrect -->
