<?xml version="1.0" encoding="UTF-8"?>
<!-- Generated by org.testng.reporters.JUnitReportReporter -->
<testsuite hostname="LAPTOP-4TKVB702" failures="0" tests="4" name="LoginTestCases.Login" time="15.807" errors="0" timestamp="2022-06-11T20:37:17 IST" skipped="0">
  <testcase classname="LoginTestCases.Login" name="loginWithCorrectUsernameandPassword" time="8.621"/>
  <system-out/>
  <testcase classname="LoginTestCases.Login" name="loginWithCorrectUsernameandPassword" time="2.066"/>
  <system-out/>
  <testcase classname="LoginTestCases.Login" name="loginWithCorrectUsernameandPassword" time="2.023"/>
  <system-out/>
  <testcase classname="LoginTestCases.Login" name="loginWithCorrectUsernameandPassword" time="3.097"/>
  <system-out/>
</testsuite> <!-- LoginTestCases.Login -->
