<?xml version="1.0" encoding="UTF-8"?>
<!-- Generated by org.testng.reporters.JUnitReportReporter -->
<testsuite hostname="LAPTOP-4TKVB702" failures="0" tests="1" name="LoginTestCases.BothCorrect" time="17.413" errors="0" timestamp="2022-06-11T17:30:30 IST" skipped="0">
  <testcase classname="LoginTestCases.BothCorrect" name="loginWithCorrectUsernameandPassword" time="17.413"/>
  <system-out/>
</testsuite> <!-- LoginTestCases.BothCorrect -->
